<?xml version="1.0" encoding="UTF-8"?>
<!-- Generated by org.testng.reporters.JUnitXMLReporter -->
<testsuite hostname="SVINDK00035" name="Test" tests="1" failures="1" timestamp="16 Jul 2019 06:32:40 GMT" time="0.59" errors="0">
  <testcase name="feature" time="0.205" classname="Runner.Signup">
    <failure type="cucumber.runtime.CucumberException" message="java.lang.NullPointerException">
      <![CDATA[cucumber.runtime.CucumberException: java.lang.NullPointerException
	at cucumber.api.testng.TestNGCucumberRunner.runCucumber(TestNGCucumberRunner.java:69)
	at cucumber.api.testng.AbstractTestNGCucumberTests.feature(AbstractTestNGCucumberTests.java:21)
Caused by: java.lang.NullPointerException
	at baseClass.BrowsersDetails.setupbrowser(BrowsersDetails.java:27)
	at stepdefinations.SignupToShophizer.i_opened_the_browser(SignupToShophizer.java:32)
	at ✽.Given I opened the browser(./src/test/Resources/Featurefiles/Signup.feature:5)
... Removed 24 stack frames]]>
    </failure>
  </testcase> <!-- feature -->
</testsuite> <!-- Test -->
